<?xml version="1.0" encoding="UTF-8"?>
<testng-results skipped="0" failed="0" ignored="0" total="1" passed="1">
  <reporter-output>
  </reporter-output>
  <suite name="Default suite" duration-ms="3635" started-at="2017-11-17T23:27:14Z" finished-at="2017-11-17T23:27:18Z">
    <groups>
    </groups>
    <test name="Default test" duration-ms="3635" started-at="2017-11-17T23:27:14Z" finished-at="2017-11-17T23:27:18Z">
      <class name="winiumcases.winiumcase1">
        <test-method status="PASS" signature="setUpEnvironment()[pri:0, instance:winiumcases.winiumcase1@42d80b78]" name="setUpEnvironment" is-config="true" duration-ms="909" started-at="2017-11-17T17:27:14Z" finished-at="2017-11-17T17:27:15Z">
          <reporter-output>
          </reporter-output>
        </test-method> <!-- setUpEnvironment -->
        <test-method status="PASS" signature="testNotePadApplication()[pri:0, instance:winiumcases.winiumcase1@42d80b78]" name="testNotePadApplication" duration-ms="2604" started-at="2017-11-17T17:27:15Z" finished-at="2017-11-17T17:27:18Z">
          <reporter-output>
          </reporter-output>
        </test-method> <!-- testNotePadApplication -->
        <test-method status="PASS" signature="tearDown()[pri:0, instance:winiumcases.winiumcase1@42d80b78]" name="tearDown" is-config="true" duration-ms="93" started-at="2017-11-17T17:27:18Z" finished-at="2017-11-17T17:27:18Z">
          <reporter-output>
          </reporter-output>
        </test-method> <!-- tearDown -->
      </class> <!-- winiumcases.winiumcase1 -->
    </test> <!-- Default test -->
  </suite> <!-- Default suite -->
</testng-results>
